<?xml version="1.0" encoding="UTF-8" standalone="yes"?>
<document xmlns="http://www.dtcc.com/DTCC/rds-1">
    <testing2>testing2</testing2>
    <submission>
        <header>
            <testing4>testing4</testing4>
        </header>
    </submission>
</document>